10:21:03 **** Incremental Build of configuration Debug for project PWM_TEST_6 ****
make -j4 all 
arm-none-eabi-gcc "../Src/main.c" -mcpu=cortex-m4 -std=gnu11 -g3 -DDEBUG -DSTM32 -DSTM32F401RETx -DSTM32F4 -DSTM32F401xE -c -I../Inc -I"E:/STM32_prgrm/Chip_Headers/CMSIS/Device/ST/STM32F4xx/Include" -I"E:/STM32_prgrm/Chip_Headers/CMSIS/Include" -O0 -ffunction-sections -fdata-sections -Wall -fstack-usage -fcyclomatic-complexity -MMD -MP -MF"Src/main.d" -MT"Src/main.o" --specs=nano.specs -mfpu=fpv4-sp-d16 -mfloat-abi=hard -mthumb -o "Src/main.o"
arm-none-eabi-gcc -o "PWM_TEST_6.elf" @"objects.list"   -mcpu=cortex-m4 -T"E:\STM32_prgrm\PWM_TEST_6\STM32F401RETX_FLASH.ld" --specs=nosys.specs -Wl,-Map="PWM_TEST_6.map" -Wl,--gc-sections -static --specs=nano.specs -mfpu=fpv4-sp-d16 -mfloat-abi=hard -mthumb -Wl,--start-group -lc -lm -Wl,--end-group
c:\st\stm32cubeide_1.12.1\stm32cubeide\plugins\com.st.stm32cube.ide.mcu.externaltools.gnu-tools-for-stm32.10.3-2021.10.win32_1.0.200.202301161003\tools\arm-none-eabi\bin\ld.exe: ./Src/main.o: in function `TIM2_Configuration':
E:/STM32_prgrm/PWM_TEST_6/Debug/../Src/main.c:31: undefined reference to `SystemCoreClock'
collect2.exe: error: ld returned 1 exit status
make: *** [makefile:63: PWM_TEST_6.elf] Error 1
"make -j4 all" terminated with exit code 2. Build might be incomplete.

10:21:05 Build Failed. 3 errors, 0 warnings. (took 1s.452ms)

