10:03:05 **** Incremental Build of configuration Debug for project PWM_TEST_4_RB ****
make -j4 all 
arm-none-eabi-gcc -o "PWM_TEST_4_RB.elf" @"objects.list"   -mcpu=cortex-m4 -T"E:\STM32_prgrm\PWM_TEST_4_RB\STM32F401RETX_FLASH.ld" --specs=nosys.specs -Wl,-Map="PWM_TEST_4_RB.map" -Wl,--gc-sections -static --specs=nano.specs -mfpu=fpv4-sp-d16 -mfloat-abi=hard -mthumb -Wl,--start-group -lc -lm -Wl,--end-group
c:\st\stm32cubeide_1.12.1\stm32cubeide\plugins\com.st.stm32cube.ide.mcu.externaltools.gnu-tools-for-stm32.10.3-2021.10.win32_1.0.200.202301161003\tools\arm-none-eabi\bin\ld.exe: ./Src/main.o: in function `TIM2_Configuration':
E:/STM32_prgrm/PWM_TEST_4_RB/Debug/../Src/main.c:30: undefined reference to `SystemCoreClock'
collect2.exe: error: ld returned 1 exit status
make: *** [makefile:66: PWM_TEST_4_RB.elf] Error 1
"make -j4 all" terminated with exit code 2. Build might be incomplete.

10:03:06 Build Failed. 3 errors, 0 warnings. (took 865ms)

